<?xml version="1.0" encoding="UTF-8"?>
<testng-results skipped="0" failed="0" total="1" passed="1">
  <reporter-output>
  </reporter-output>
  <suite name="Suite" duration-ms="32" started-at="2016-08-04T10:38:54Z" finished-at="2016-08-04T10:38:54Z">
    <groups>
    </groups>
    <test name="Test" duration-ms="32" started-at="2016-08-04T10:38:54Z" finished-at="2016-08-04T10:38:54Z">
      <class name="GitDemo.GitDemo.Demo">
        <test-method status="PASS" signature="testDemo()[pri:0, instance:GitDemo.GitDemo.Demo@56dfcb]" name="testDemo" duration-ms="10" started-at="2016-08-04T16:08:54Z" finished-at="2016-08-04T16:08:54Z">
          <reporter-output>
          </reporter-output>
        </test-method> <!-- testDemo -->
      </class> <!-- GitDemo.GitDemo.Demo -->
    </test> <!-- Test -->
  </suite> <!-- Suite -->
</testng-results>
